0 info it worked if it ends with ok
1 verbose cli [ '/usr/local/bin/node',
1 verbose cli   '/usr/local/bin/npm',
1 verbose cli   'install',
1 verbose cli   'ejs',
1 verbose cli   'express',
1 verbose cli   'express-session',
1 verbose cli   'mongoose',
1 verbose cli   'passport',
1 verbose cli   'passport-local',
1 verbose cli   'passport-local-mongoose',
1 verbose cli   '--save' ]
2 info using npm@1.4.28
3 info using node@v0.10.32
4 warn package.json AmuoebaEJ@1.0.0 No repository field.
5 verbose readDependencies using package.json deps
6 verbose cache add [ 'ejs', null ]
7 verbose cache add name=undefined spec="ejs" args=["ejs",null]
8 verbose parsed url { protocol: null,
8 verbose parsed url   slashes: null,
8 verbose parsed url   auth: null,
8 verbose parsed url   host: null,
8 verbose parsed url   port: null,
8 verbose parsed url   hostname: null,
8 verbose parsed url   hash: null,
8 verbose parsed url   search: null,
8 verbose parsed url   query: null,
8 verbose parsed url   pathname: 'ejs',
8 verbose parsed url   path: 'ejs',
8 verbose parsed url   href: 'ejs' }
9 verbose cache add [ 'express', null ]
10 verbose cache add name=undefined spec="express" args=["express",null]
11 verbose parsed url { protocol: null,
11 verbose parsed url   slashes: null,
11 verbose parsed url   auth: null,
11 verbose parsed url   host: null,
11 verbose parsed url   port: null,
11 verbose parsed url   hostname: null,
11 verbose parsed url   hash: null,
11 verbose parsed url   search: null,
11 verbose parsed url   query: null,
11 verbose parsed url   pathname: 'express',
11 verbose parsed url   path: 'express',
11 verbose parsed url   href: 'express' }
12 verbose cache add [ 'express-session', null ]
13 verbose cache add name=undefined spec="express-session" args=["express-session",null]
14 verbose parsed url { protocol: null,
14 verbose parsed url   slashes: null,
14 verbose parsed url   auth: null,
14 verbose parsed url   host: null,
14 verbose parsed url   port: null,
14 verbose parsed url   hostname: null,
14 verbose parsed url   hash: null,
14 verbose parsed url   search: null,
14 verbose parsed url   query: null,
14 verbose parsed url   pathname: 'express-session',
14 verbose parsed url   path: 'express-session',
14 verbose parsed url   href: 'express-session' }
15 verbose cache add [ 'mongoose', null ]
16 verbose cache add name=undefined spec="mongoose" args=["mongoose",null]
17 verbose parsed url { protocol: null,
17 verbose parsed url   slashes: null,
17 verbose parsed url   auth: null,
17 verbose parsed url   host: null,
17 verbose parsed url   port: null,
17 verbose parsed url   hostname: null,
17 verbose parsed url   hash: null,
17 verbose parsed url   search: null,
17 verbose parsed url   query: null,
17 verbose parsed url   pathname: 'mongoose',
17 verbose parsed url   path: 'mongoose',
17 verbose parsed url   href: 'mongoose' }
18 verbose cache add [ 'passport', null ]
19 verbose cache add name=undefined spec="passport" args=["passport",null]
20 verbose parsed url { protocol: null,
20 verbose parsed url   slashes: null,
20 verbose parsed url   auth: null,
20 verbose parsed url   host: null,
20 verbose parsed url   port: null,
20 verbose parsed url   hostname: null,
20 verbose parsed url   hash: null,
20 verbose parsed url   search: null,
20 verbose parsed url   query: null,
20 verbose parsed url   pathname: 'passport',
20 verbose parsed url   path: 'passport',
20 verbose parsed url   href: 'passport' }
21 verbose cache add [ 'passport-local', null ]
22 verbose cache add name=undefined spec="passport-local" args=["passport-local",null]
23 verbose parsed url { protocol: null,
23 verbose parsed url   slashes: null,
23 verbose parsed url   auth: null,
23 verbose parsed url   host: null,
23 verbose parsed url   port: null,
23 verbose parsed url   hostname: null,
23 verbose parsed url   hash: null,
23 verbose parsed url   search: null,
23 verbose parsed url   query: null,
23 verbose parsed url   pathname: 'passport-local',
23 verbose parsed url   path: 'passport-local',
23 verbose parsed url   href: 'passport-local' }
24 verbose cache add [ 'passport-local-mongoose', null ]
25 verbose cache add name=undefined spec="passport-local-mongoose" args=["passport-local-mongoose",null]
26 verbose parsed url { protocol: null,
26 verbose parsed url   slashes: null,
26 verbose parsed url   auth: null,
26 verbose parsed url   host: null,
26 verbose parsed url   port: null,
26 verbose parsed url   hostname: null,
26 verbose parsed url   hash: null,
26 verbose parsed url   search: null,
26 verbose parsed url   query: null,
26 verbose parsed url   pathname: 'passport-local-mongoose',
26 verbose parsed url   path: 'passport-local-mongoose',
26 verbose parsed url   href: 'passport-local-mongoose' }
27 silly lockFile 75eeca8f-ejs ejs
28 verbose lock ejs /home/erik/.npm/75eeca8f-ejs.lock
29 silly lockFile f3c62de4-express express
30 verbose lock express /home/erik/.npm/f3c62de4-express.lock
31 silly lockFile 6ca9c35e-express-session express-session
32 verbose lock express-session /home/erik/.npm/6ca9c35e-express-session.lock
33 silly lockFile f25dbdd3-mongoose mongoose
34 verbose lock mongoose /home/erik/.npm/f25dbdd3-mongoose.lock
35 silly lockFile a3404013-passport passport
36 verbose lock passport /home/erik/.npm/a3404013-passport.lock
37 silly lockFile defa4f15-passport-local passport-local
38 verbose lock passport-local /home/erik/.npm/defa4f15-passport-local.lock
39 silly lockFile 61995a44-passport-local-mongoose passport-local-mongoose
40 verbose lock passport-local-mongoose /home/erik/.npm/61995a44-passport-local-mongoose.lock
41 silly lockFile 75eeca8f-ejs ejs
42 silly lockFile 75eeca8f-ejs ejs
43 silly lockFile f3c62de4-express express
44 silly lockFile f3c62de4-express express
45 silly lockFile 6ca9c35e-express-session express-session
46 silly lockFile 6ca9c35e-express-session express-session
47 silly lockFile f25dbdd3-mongoose mongoose
48 silly lockFile f25dbdd3-mongoose mongoose
49 silly lockFile a3404013-passport passport
50 silly lockFile a3404013-passport passport
51 silly lockFile 61995a44-passport-local-mongoose passport-local-mongoose
52 silly lockFile 61995a44-passport-local-mongoose passport-local-mongoose
53 silly lockFile defa4f15-passport-local passport-local
54 silly lockFile defa4f15-passport-local passport-local
55 verbose addNamed [ 'ejs', '' ]
56 verbose addNamed [ null, '*' ]
57 silly lockFile bcdf6e5f-ejs ejs@
58 verbose lock ejs@ /home/erik/.npm/bcdf6e5f-ejs.lock
59 verbose addNamed [ 'express', '' ]
60 verbose addNamed [ null, '*' ]
61 silly lockFile 64a534c1-express express@
62 verbose lock express@ /home/erik/.npm/64a534c1-express.lock
63 verbose addNamed [ 'express-session', '' ]
64 verbose addNamed [ null, '*' ]
65 silly lockFile 03cac062-express-session express-session@
66 verbose lock express-session@ /home/erik/.npm/03cac062-express-session.lock
67 verbose addNamed [ 'mongoose', '' ]
68 verbose addNamed [ null, '*' ]
69 silly lockFile 3bb0fc31-mongoose mongoose@
70 verbose lock mongoose@ /home/erik/.npm/3bb0fc31-mongoose.lock
71 verbose addNamed [ 'passport', '' ]
72 verbose addNamed [ null, '*' ]
73 silly lockFile d5a254c4-passport passport@
74 verbose lock passport@ /home/erik/.npm/d5a254c4-passport.lock
75 verbose addNamed [ 'passport-local-mongoose', '' ]
76 verbose addNamed [ null, '*' ]
77 silly lockFile 0eeb2e71-passport-local-mongoose passport-local-mongoose@
78 verbose lock passport-local-mongoose@ /home/erik/.npm/0eeb2e71-passport-local-mongoose.lock
79 verbose addNamed [ 'passport-local', '' ]
80 verbose addNamed [ null, '*' ]
81 silly lockFile 20688a51-passport-local passport-local@
82 verbose lock passport-local@ /home/erik/.npm/20688a51-passport-local.lock
83 silly addNameRange { name: 'ejs', range: '*', hasData: false }
84 silly addNameRange { name: 'express', range: '*', hasData: false }
85 silly addNameRange { name: 'express-session', range: '*', hasData: false }
86 silly addNameRange { name: 'mongoose', range: '*', hasData: false }
87 silly addNameRange { name: 'passport', range: '*', hasData: false }
88 silly addNameRange { name: 'passport-local-mongoose', range: '*', hasData: false }
89 silly addNameRange { name: 'passport-local', range: '*', hasData: false }
90 verbose request where is /passport-local-mongoose
91 verbose request registry https://registry.npmjs.org/
92 verbose request id 48eb03fb3047263d
93 verbose url raw /passport-local-mongoose
94 verbose url resolving [ 'https://registry.npmjs.org/', './passport-local-mongoose' ]
95 verbose url resolved https://registry.npmjs.org/passport-local-mongoose
96 verbose request where is https://registry.npmjs.org/passport-local-mongoose
97 info trying registry request attempt 1 at 17:47:00
98 verbose etag W/"59c62a42-aa78"
99 http GET https://registry.npmjs.org/passport-local-mongoose
100 verbose request where is /express
101 verbose request registry https://registry.npmjs.org/
102 verbose url raw /express
103 verbose url resolving [ 'https://registry.npmjs.org/', './express' ]
104 verbose url resolved https://registry.npmjs.org/express
105 verbose request where is https://registry.npmjs.org/express
106 info trying registry request attempt 1 at 17:47:00
107 verbose etag W/"59c4bf5e-8ee43"
108 http GET https://registry.npmjs.org/express
109 verbose request where is /ejs
110 verbose request registry https://registry.npmjs.org/
111 verbose url raw /ejs
112 verbose url resolving [ 'https://registry.npmjs.org/', './ejs' ]
113 verbose url resolved https://registry.npmjs.org/ejs
114 verbose request where is https://registry.npmjs.org/ejs
115 info trying registry request attempt 1 at 17:47:00
116 verbose etag W/"59c535dc-11308"
117 http GET https://registry.npmjs.org/ejs
118 verbose request where is /passport
119 verbose request registry https://registry.npmjs.org/
120 verbose url raw /passport
121 verbose url resolving [ 'https://registry.npmjs.org/', './passport' ]
122 verbose url resolved https://registry.npmjs.org/passport
123 verbose request where is https://registry.npmjs.org/passport
124 info trying registry request attempt 1 at 17:47:00
125 verbose etag W/"59c53461-b8e7"
126 http GET https://registry.npmjs.org/passport
127 verbose request where is /mongoose
128 verbose request registry https://registry.npmjs.org/
129 verbose url raw /mongoose
130 verbose url resolving [ 'https://registry.npmjs.org/', './mongoose' ]
131 verbose url resolved https://registry.npmjs.org/mongoose
132 verbose request where is https://registry.npmjs.org/mongoose
133 info trying registry request attempt 1 at 17:47:00
134 verbose etag W/"59c00c0f-a164d"
135 http GET https://registry.npmjs.org/mongoose
136 verbose request where is /passport-local
137 verbose request registry https://registry.npmjs.org/
138 verbose url raw /passport-local
139 verbose url resolving [ 'https://registry.npmjs.org/', './passport-local' ]
140 verbose url resolved https://registry.npmjs.org/passport-local
141 verbose request where is https://registry.npmjs.org/passport-local
142 info trying registry request attempt 1 at 17:47:00
143 verbose etag W/"59c1f728-38a1"
144 http GET https://registry.npmjs.org/passport-local
145 verbose request where is /express-session
146 verbose request registry https://registry.npmjs.org/
147 verbose url raw /express-session
148 verbose url resolving [ 'https://registry.npmjs.org/', './express-session' ]
149 verbose url resolved https://registry.npmjs.org/express-session
150 verbose request where is https://registry.npmjs.org/express-session
151 info trying registry request attempt 1 at 17:47:00
152 verbose etag W/"59bcb526-2045a"
153 http GET https://registry.npmjs.org/express-session
154 http 304 https://registry.npmjs.org/passport-local-mongoose
155 silly registry.get cb [ 304,
155 silly registry.get   { date: 'Tue, 17 Oct 2017 15:47:01 GMT',
155 silly registry.get     via: '1.1 varnish',
155 silly registry.get     'cache-control': 'max-age=300',
155 silly registry.get     etag: 'W/"59c62a42-aa78"',
155 silly registry.get     age: '0',
155 silly registry.get     connection: 'keep-alive',
155 silly registry.get     'x-served-by': 'cache-ams4420-AMS',
155 silly registry.get     'x-cache': 'MISS',
155 silly registry.get     'x-cache-hits': '0',
155 silly registry.get     'x-timer': 'S1508255221.040640,VS0,VE26',
155 silly registry.get     vary: 'Accept-Encoding, Accept' } ]
156 verbose etag https://registry.npmjs.org/passport-local-mongoose from cache
157 http 200 https://registry.npmjs.org/ejs
158 silly registry.get cb [ 200,
158 silly registry.get   { server: 'nginx/1.10.1',
158 silly registry.get     'content-type': 'application/json',
158 silly registry.get     'last-modified': 'Sat, 14 Oct 2017 07:51:31 GMT',
158 silly registry.get     etag: 'W/"59e1c203-1134e"',
158 silly registry.get     'content-encoding': 'gzip',
158 silly registry.get     'cache-control': 'max-age=300',
158 silly registry.get     'content-length': '11273',
158 silly registry.get     'accept-ranges': 'bytes',
158 silly registry.get     date: 'Tue, 17 Oct 2017 15:47:01 GMT',
158 silly registry.get     via: '1.1 varnish',
158 silly registry.get     age: '124',
158 silly registry.get     connection: 'keep-alive',
158 silly registry.get     'x-served-by': 'cache-ams4120-AMS',
158 silly registry.get     'x-cache': 'HIT',
158 silly registry.get     'x-cache-hits': '1',
158 silly registry.get     'x-timer': 'S1508255221.064738,VS0,VE0',
158 silly registry.get     vary: 'Accept-Encoding, Accept' } ]
159 http 200 https://registry.npmjs.org/passport
160 silly registry.get cb [ 200,
160 silly registry.get   { server: 'nginx/1.10.1',
160 silly registry.get     'content-type': 'application/json',
160 silly registry.get     'last-modified': 'Sun, 15 Oct 2017 12:41:26 GMT',
160 silly registry.get     etag: 'W/"59e35776-b949"',
160 silly registry.get     'content-encoding': 'gzip',
160 silly registry.get     'cache-control': 'max-age=300',
160 silly registry.get     'content-length': '9022',
160 silly registry.get     'accept-ranges': 'bytes',
160 silly registry.get     date: 'Tue, 17 Oct 2017 15:47:01 GMT',
160 silly registry.get     via: '1.1 varnish',
160 silly registry.get     age: '99',
160 silly registry.get     connection: 'keep-alive',
160 silly registry.get     'x-served-by': 'cache-ams4141-AMS',
160 silly registry.get     'x-cache': 'HIT',
160 silly registry.get     'x-cache-hits': '1',
160 silly registry.get     'x-timer': 'S1508255221.071143,VS0,VE0',
160 silly registry.get     vary: 'Accept-Encoding, Accept' } ]
161 silly addNameRange number 2 { name: 'passport-local-mongoose', range: '*', hasData: true }
162 silly addNameRange versions [ 'passport-local-mongoose',
162 silly addNameRange   [ '0.1.0',
162 silly addNameRange     '0.2.0',
162 silly addNameRange     '0.2.1',
162 silly addNameRange     '0.2.2',
162 silly addNameRange     '0.2.3',
162 silly addNameRange     '0.2.4',
162 silly addNameRange     '0.2.5',
162 silly addNameRange     '0.2.6',
162 silly addNameRange     '0.3.0',
162 silly addNameRange     '1.0.0',
162 silly addNameRange     '1.0.1',
162 silly addNameRange     '1.0.2',
162 silly addNameRange     '1.2.0',
162 silly addNameRange     '1.3.0',
162 silly addNameRange     '2.0.0',
162 silly addNameRange     '3.0.0',
162 silly addNameRange     '3.1.0',
162 silly addNameRange     '4.0.0',
162 silly addNameRange     '4.1.0',
162 silly addNameRange     '4.2.0',
162 silly addNameRange     '4.2.1' ] ]
163 verbose addNamed [ 'passport-local-mongoose', '4.2.1' ]
164 verbose addNamed [ '4.2.1', '4.2.1' ]
165 silly lockFile 1d5f8cae-passport-local-mongoose-4-2-1 passport-local-mongoose@4.2.1
166 verbose lock passport-local-mongoose@4.2.1 /home/erik/.npm/1d5f8cae-passport-local-mongoose-4-2-1.lock
167 silly addNameRange number 2 { name: 'passport', range: '*', hasData: true }
168 silly addNameRange versions [ 'passport',
168 silly addNameRange   [ '0.1.0',
168 silly addNameRange     '0.1.1',
168 silly addNameRange     '0.1.2',
168 silly addNameRange     '0.1.3',
168 silly addNameRange     '0.1.4',
168 silly addNameRange     '0.1.5',
168 silly addNameRange     '0.1.6',
168 silly addNameRange     '0.1.7',
168 silly addNameRange     '0.1.8',
168 silly addNameRange     '0.1.9',
168 silly addNameRange     '0.1.10',
168 silly addNameRange     '0.1.11',
168 silly addNameRange     '0.1.12',
168 silly addNameRange     '0.1.13',
168 silly addNameRange     '0.1.14',
168 silly addNameRange     '0.1.15',
168 silly addNameRange     '0.1.16',
168 silly addNameRange     '0.1.17',
168 silly addNameRange     '0.1.18',
168 silly addNameRange     '0.2.0',
168 silly addNameRange     '0.2.1',
168 silly addNameRange     '0.2.2',
168 silly addNameRange     '0.3.0',
168 silly addNameRange     '0.3.1',
168 silly addNameRange     '0.3.2',
168 silly addNameRange     '0.4.0' ] ]
169 verbose addNamed [ 'passport', '0.4.0' ]
170 verbose addNamed [ '0.4.0', '0.4.0' ]
171 silly lockFile 7a5bd6a7-passport-0-4-0 passport@0.4.0
172 verbose lock passport@0.4.0 /home/erik/.npm/7a5bd6a7-passport-0-4-0.lock
173 http 200 https://registry.npmjs.org/passport-local
174 silly registry.get cb [ 200,
174 silly registry.get   { server: 'nginx/1.10.1',
174 silly registry.get     'content-type': 'application/json',
174 silly registry.get     'last-modified': 'Sun, 15 Oct 2017 02:07:54 GMT',
174 silly registry.get     etag: 'W/"59e2c2fa-38b9"',
174 silly registry.get     'content-encoding': 'gzip',
174 silly registry.get     'cache-control': 'max-age=300',
174 silly registry.get     'content-length': '3032',
174 silly registry.get     'accept-ranges': 'bytes',
174 silly registry.get     date: 'Tue, 17 Oct 2017 15:47:01 GMT',
174 silly registry.get     via: '1.1 varnish',
174 silly registry.get     age: '99',
174 silly registry.get     connection: 'keep-alive',
174 silly registry.get     'x-served-by': 'cache-ams4420-AMS',
174 silly registry.get     'x-cache': 'HIT',
174 silly registry.get     'x-cache-hits': '1',
174 silly registry.get     'x-timer': 'S1508255221.098426,VS0,VE0',
174 silly registry.get     vary: 'Accept-Encoding, Accept' } ]
175 silly addNameRange number 2 { name: 'passport-local', range: '*', hasData: true }
176 silly addNameRange versions [ 'passport-local',
176 silly addNameRange   [ '0.1.0',
176 silly addNameRange     '0.1.1',
176 silly addNameRange     '0.1.2',
176 silly addNameRange     '0.1.3',
176 silly addNameRange     '0.1.4',
176 silly addNameRange     '0.1.5',
176 silly addNameRange     '0.1.6',
176 silly addNameRange     '1.0.0' ] ]
177 verbose addNamed [ 'passport-local', '1.0.0' ]
178 verbose addNamed [ '1.0.0', '1.0.0' ]
179 silly lockFile 8defd22e-passport-local-1-0-0 passport-local@1.0.0
180 verbose lock passport-local@1.0.0 /home/erik/.npm/8defd22e-passport-local-1-0-0.lock
181 silly addNameRange number 2 { name: 'ejs', range: '*', hasData: true }
182 silly addNameRange versions [ 'ejs',
182 silly addNameRange   [ '0.0.1',
182 silly addNameRange     '0.0.2',
182 silly addNameRange     '0.0.3',
182 silly addNameRange     '0.0.4',
182 silly addNameRange     '0.1.0',
182 silly addNameRange     '0.2.0',
182 silly addNameRange     '0.2.1',
182 silly addNameRange     '0.3.0',
182 silly addNameRange     '0.3.1',
182 silly addNameRange     '0.4.0',
182 silly addNameRange     '0.4.1',
182 silly addNameRange     '0.4.2',
182 silly addNameRange     '0.4.3',
182 silly addNameRange     '0.5.0',
182 silly addNameRange     '0.6.0',
182 silly addNameRange     '0.6.1',
182 silly addNameRange     '0.7.0',
182 silly addNameRange     '0.7.1',
182 silly addNameRange     '0.7.2',
182 silly addNameRange     '0.8.0',
182 silly addNameRange     '0.8.1',
182 silly addNameRange     '0.8.2',
182 silly addNameRange     '0.8.3',
182 silly addNameRange     '0.8.4',
182 silly addNameRange     '0.8.5',
182 silly addNameRange     '0.8.6',
182 silly addNameRange     '0.8.8',
182 silly addNameRange     '1.0.0',
182 silly addNameRange     '2.0.2',
182 silly addNameRange     '2.0.3',
182 silly addNameRange     '2.0.4',
182 silly addNameRange     '2.0.5',
182 silly addNameRange     '2.0.6',
182 silly addNameRange     '2.0.7',
182 silly addNameRange     '2.0.8',
182 silly addNameRange     '2.1.1',
182 silly addNameRange     '2.1.2',
182 silly addNameRange     '2.1.3',
182 silly addNameRange     '2.1.4',
182 silly addNameRange     '2.2.1',
182 silly addNameRange     '2.2.2',
182 silly addNameRange     '2.2.3',
182 silly addNameRange     '2.2.4',
182 silly addNameRange     '2.3.1',
182 silly addNameRange     '2.3.2',
182 silly addNameRange     '2.3.3',
182 silly addNameRange     '2.3.4',
182 silly addNameRange     '2.4.1',
182 silly addNameRange     '2.4.2',
182 silly addNameRange     '2.5.1',
182 silly addNameRange     '2.5.2',
182 silly addNameRange     '2.5.3',
182 silly addNameRange     '2.5.4',
182 silly addNameRange     '2.5.5',
182 silly addNameRange     '2.5.6',
182 silly addNameRange     '2.5.7' ] ]
183 verbose addNamed [ 'ejs', '2.5.7' ]
184 verbose addNamed [ '2.5.7', '2.5.7' ]
185 silly lockFile d9e0b0ef-ejs-2-5-7 ejs@2.5.7
186 verbose lock ejs@2.5.7 /home/erik/.npm/d9e0b0ef-ejs-2-5-7.lock
187 http 200 https://registry.npmjs.org/express-session
188 silly registry.get cb [ 200,
188 silly registry.get   { server: 'nginx/1.10.1',
188 silly registry.get     'content-type': 'application/json',
188 silly registry.get     'last-modified': 'Mon, 16 Oct 2017 19:59:01 GMT',
188 silly registry.get     etag: 'W/"59e50f85-20e83"',
188 silly registry.get     'content-encoding': 'gzip',
188 silly registry.get     'cache-control': 'max-age=300',
188 silly registry.get     'content-length': '19073',
188 silly registry.get     'accept-ranges': 'bytes',
188 silly registry.get     date: 'Tue, 17 Oct 2017 15:47:01 GMT',
188 silly registry.get     via: '1.1 varnish',
188 silly registry.get     age: '281',
188 silly registry.get     connection: 'keep-alive',
188 silly registry.get     'x-served-by': 'cache-ams4120-AMS',
188 silly registry.get     'x-cache': 'HIT',
188 silly registry.get     'x-cache-hits': '1',
188 silly registry.get     'x-timer': 'S1508255221.103659,VS0,VE0',
188 silly registry.get     vary: 'Accept-Encoding, Accept' } ]
189 silly lockFile 1d5f8cae-passport-local-mongoose-4-2-1 passport-local-mongoose@4.2.1
190 silly lockFile 1d5f8cae-passport-local-mongoose-4-2-1 passport-local-mongoose@4.2.1
191 silly lockFile 0eeb2e71-passport-local-mongoose passport-local-mongoose@
192 silly lockFile 0eeb2e71-passport-local-mongoose passport-local-mongoose@
193 silly lockFile d9e0b0ef-ejs-2-5-7 ejs@2.5.7
194 silly lockFile d9e0b0ef-ejs-2-5-7 ejs@2.5.7
195 silly lockFile bcdf6e5f-ejs ejs@
196 silly lockFile bcdf6e5f-ejs ejs@
197 silly lockFile 8defd22e-passport-local-1-0-0 passport-local@1.0.0
198 silly lockFile 8defd22e-passport-local-1-0-0 passport-local@1.0.0
199 silly lockFile 20688a51-passport-local passport-local@
200 silly lockFile 20688a51-passport-local passport-local@
201 http 200 https://registry.npmjs.org/express
202 silly registry.get cb [ 200,
202 silly registry.get   { server: 'nginx/1.10.1',
202 silly registry.get     'content-type': 'application/json',
202 silly registry.get     'last-modified': 'Tue, 17 Oct 2017 12:54:52 GMT',
202 silly registry.get     etag: 'W/"59e5fd9c-933ab"',
202 silly registry.get     'content-encoding': 'gzip',
202 silly registry.get     'cache-control': 'max-age=300',
202 silly registry.get     'content-length': '46690',
202 silly registry.get     'accept-ranges': 'bytes',
202 silly registry.get     date: 'Tue, 17 Oct 2017 15:47:01 GMT',
202 silly registry.get     via: '1.1 varnish',
202 silly registry.get     age: '35',
202 silly registry.get     connection: 'keep-alive',
202 silly registry.get     'x-served-by': 'cache-ams4427-AMS',
202 silly registry.get     'x-cache': 'HIT',
202 silly registry.get     'x-cache-hits': '1',
202 silly registry.get     'x-timer': 'S1508255221.065348,VS0,VE0',
202 silly registry.get     vary: 'Accept-Encoding, Accept' } ]
203 silly lockFile 7a5bd6a7-passport-0-4-0 passport@0.4.0
204 silly lockFile 7a5bd6a7-passport-0-4-0 passport@0.4.0
205 silly lockFile d5a254c4-passport passport@
206 silly lockFile d5a254c4-passport passport@
207 http 200 https://registry.npmjs.org/mongoose
208 silly registry.get cb [ 200,
208 silly registry.get   { server: 'nginx/1.10.1',
208 silly registry.get     'content-type': 'application/json',
208 silly registry.get     'last-modified': 'Mon, 16 Oct 2017 16:11:02 GMT',
208 silly registry.get     etag: 'W/"59e4da16-a5463"',
208 silly registry.get     'content-encoding': 'gzip',
208 silly registry.get     'cache-control': 'max-age=300',
208 silly registry.get     'content-length': '49205',
208 silly registry.get     'accept-ranges': 'bytes',
208 silly registry.get     date: 'Tue, 17 Oct 2017 15:47:01 GMT',
208 silly registry.get     via: '1.1 varnish',
208 silly registry.get     age: '5',
208 silly registry.get     connection: 'keep-alive',
208 silly registry.get     'x-served-by': 'cache-ams4122-AMS',
208 silly registry.get     'x-cache': 'HIT',
208 silly registry.get     'x-cache-hits': '1',
208 silly registry.get     'x-timer': 'S1508255221.071407,VS0,VE1',
208 silly registry.get     vary: 'Accept-Encoding, Accept' } ]
209 silly addNameRange number 2 { name: 'express-session', range: '*', hasData: true }
210 silly addNameRange versions [ 'express-session',
210 silly addNameRange   [ '1.0.0',
210 silly addNameRange     '1.0.1',
210 silly addNameRange     '1.0.2',
210 silly addNameRange     '1.0.3',
210 silly addNameRange     '1.0.4',
210 silly addNameRange     '1.1.0',
210 silly addNameRange     '1.2.0',
210 silly addNameRange     '1.2.1',
210 silly addNameRange     '1.3.0',
210 silly addNameRange     '1.3.1',
210 silly addNameRange     '1.4.0',
210 silly addNameRange     '1.5.0',
210 silly addNameRange     '1.5.1',
210 silly addNameRange     '1.5.2',
210 silly addNameRange     '1.6.0',
210 silly addNameRange     '1.6.1',
210 silly addNameRange     '1.6.2',
210 silly addNameRange     '1.6.3',
210 silly addNameRange     '1.6.4',
210 silly addNameRange     '1.6.5',
210 silly addNameRange     '1.7.0',
210 silly addNameRange     '1.7.1',
210 silly addNameRange     '1.7.2',
210 silly addNameRange     '1.7.3',
210 silly addNameRange     '1.7.4',
210 silly addNameRange     '1.7.5',
210 silly addNameRange     '1.7.6',
210 silly addNameRange     '1.8.0',
210 silly addNameRange     '1.8.1',
210 silly addNameRange     '1.8.2',
210 silly addNameRange     '1.9.0',
210 silly addNameRange     '1.9.1',
210 silly addNameRange     '1.9.2',
210 silly addNameRange     '1.9.3',
210 silly addNameRange     '1.10.0',
210 silly addNameRange     '1.10.1',
210 silly addNameRange     '1.10.2',
210 silly addNameRange     '1.10.3',
210 silly addNameRange     '1.10.4',
210 silly addNameRange     '1.11.0',
210 silly addNameRange     '1.11.1',
210 silly addNameRange     '1.11.2',
210 silly addNameRange     '1.11.3',
210 silly addNameRange     '1.12.0',
210 silly addNameRange     '1.12.1',
210 silly addNameRange     '1.13.0',
210 silly addNameRange     '1.14.0',
210 silly addNameRange     '1.14.1',
210 silly addNameRange     '1.14.2',
210 silly addNameRange     '1.15.0',
210 silly addNameRange     '1.15.1',
210 silly addNameRange     '1.15.2',
210 silly addNameRange     '1.15.3',
210 silly addNameRange     '1.15.4',
210 silly addNameRange     '1.15.5',
210 silly addNameRange     '1.15.6' ] ]
211 verbose addNamed [ 'express-session', '1.15.6' ]
212 verbose addNamed [ '1.15.6', '1.15.6' ]
213 silly lockFile 31ef2227-express-session-1-15-6 express-session@1.15.6
214 verbose lock express-session@1.15.6 /home/erik/.npm/31ef2227-express-session-1-15-6.lock
215 silly addNameRange number 2 { name: 'express', range: '*', hasData: true }
216 silly addNameRange versions [ 'express',
216 silly addNameRange   [ '0.14.0',
216 silly addNameRange     '0.14.1',
216 silly addNameRange     '1.0.0',
216 silly addNameRange     '1.0.1',
216 silly addNameRange     '1.0.2',
216 silly addNameRange     '1.0.3',
216 silly addNameRange     '1.0.4',
216 silly addNameRange     '1.0.5',
216 silly addNameRange     '1.0.6',
216 silly addNameRange     '1.0.7',
216 silly addNameRange     '1.0.8',
216 silly addNameRange     '2.0.0',
216 silly addNameRange     '2.1.0',
216 silly addNameRange     '2.1.1',
216 silly addNameRange     '2.2.0',
216 silly addNameRange     '2.2.1',
216 silly addNameRange     '2.2.2',
216 silly addNameRange     '2.3.0',
216 silly addNameRange     '2.3.1',
216 silly addNameRange     '2.3.2',
216 silly addNameRange     '2.3.3',
216 silly addNameRange     '2.3.4',
216 silly addNameRange     '2.3.5',
216 silly addNameRange     '2.3.6',
216 silly addNameRange     '2.3.7',
216 silly addNameRange     '2.3.8',
216 silly addNameRange     '2.3.9',
216 silly addNameRange     '2.3.10',
216 silly addNameRange     '2.3.11',
216 silly addNameRange     '2.3.12',
216 silly addNameRange     '2.4.0',
216 silly addNameRange     '2.4.1',
216 silly addNameRange     '2.4.2',
216 silly addNameRange     '2.4.3',
216 silly addNameRange     '2.4.4',
216 silly addNameRange     '2.4.5',
216 silly addNameRange     '2.4.6',
216 silly addNameRange     '2.4.7',
216 silly addNameRange     '2.5.0',
216 silly addNameRange     '2.5.1',
216 silly addNameRange     '2.5.2',
216 silly addNameRange     '2.5.3',
216 silly addNameRange     '2.5.4',
216 silly addNameRange     '2.5.5',
216 silly addNameRange     '2.5.6',
216 silly addNameRange     '2.5.7',
216 silly addNameRange     '2.5.8',
216 silly addNameRange     '2.5.9',
216 silly addNameRange     '2.5.10',
216 silly addNameRange     '2.5.11',
216 silly addNameRange     '3.0.0',
216 silly addNameRange     '3.0.1',
216 silly addNameRange     '3.0.2',
216 silly addNameRange     '3.0.3',
216 silly addNameRange     '3.0.4',
216 silly addNameRange     '3.0.5',
216 silly addNameRange     '3.0.6',
216 silly addNameRange     '3.1.0',
216 silly addNameRange     '3.1.1',
216 silly addNameRange     '3.1.2',
216 silly addNameRange     '3.2.0',
216 silly addNameRange     '3.2.1',
216 silly addNameRange     '3.2.2',
216 silly addNameRange     '3.2.3',
216 silly addNameRange     '3.2.4',
216 silly addNameRange     '3.2.5',
216 silly addNameRange     '3.2.6',
216 silly addNameRange     '3.3.0',
216 silly addNameRange     '3.3.1',
216 silly addNameRange     '3.3.2',
216 silly addNameRange     '3.3.3',
216 silly addNameRange     '3.3.4',
216 silly addNameRange     '3.3.5',
216 silly addNameRange     '3.3.6',
216 silly addNameRange     '1.0.0-beta',
216 silly addNameRange     '1.0.0-beta2',
216 silly addNameRange     '1.0.0-rc',
216 silly addNameRange     '1.0.0-rc2',
216 silly addNameRange     '1.0.0-rc3',
216 silly addNameRange     '1.0.0-rc4',
216 silly addNameRange     '2.0.0-beta',
216 silly addNameRange     '2.0.0-beta2',
216 silly addNameRange     '2.0.0-beta3',
216 silly addNameRange     '2.0.0-rc',
216 silly addNameRange     '2.0.0-rc2',
216 silly addNameRange     '2.0.0-rc3',
216 silly addNameRange     '3.0.0-alpha1',
216 silly addNameRange     '3.0.0-alpha2',
216 silly addNameRange     '3.0.0-alpha3',
216 silly addNameRange     '3.0.0-alpha4',
216 silly addNameRange     '3.0.0-alpha5',
216 silly addNameRange     '3.0.0-beta1',
216 silly addNameRange     '3.0.0-beta2',
216 silly addNameRange     '3.0.0-beta3',
216 silly addNameRange     '3.0.0-beta4',
216 silly addNameRange     '3.0.0-beta6',
216 silly addNameRange     '3.0.0-beta7',
216 silly addNameRange     '3.0.0-rc1',
216 silly addNameRange     '3.0.0-rc2',
216 silly addNameRange     '3.0.0-rc3',
216 silly addNameRange     '3.0.0-rc4',
216 silly addNameRange     '3.0.0-rc5',
216 silly addNameRange     '3.3.7',
216 silly addNameRange     '3.3.8',
216 silly addNameRange     '3.4.0',
216 silly addNameRange     '3.4.1',
216 silly addNameRange     '3.4.2',
216 silly addNameRange     '3.4.3',
216 silly addNameRange     '3.4.4',
216 silly addNameRange     '3.4.5',
216 silly addNameRange     '3.4.6',
216 silly addNameRange     '3.4.7',
216 silly addNameRange     '3.4.8',
216 silly addNameRange     '4.0.0-rc1',
216 silly addNameRange     '4.0.0-rc2',
216 silly addNameRange     '3.5.0',
216 silly addNameRange     '4.0.0-rc3',
216 silly addNameRange     '4.0.0-rc4',
216 silly addNameRange     '3.5.1',
216 silly addNameRange     '4.0.0',
216 silly addNameRange     '3.5.2',
216 silly addNameRange     '4.1.0',
216 silly addNameRange     '4.1.1',
216 silly addNameRange     '3.5.3',
216 silly addNameRange     '4.1.2',
216 silly addNameRange     '3.6.0',
216 silly addNameRange     '4.2.0',
216 silly addNameRange     '3.7.0',
216 silly addNameRange     '3.8.0',
216 silly addNameRange     '4.3.0',
216 silly addNameRange     '4.3.1',
216 silly addNameRange     '3.8.1',
216 silly addNameRange     '4.3.2',
216 silly addNameRange     '3.9.0',
216 silly addNameRange     '4.4.0',
216 silly addNameRange     '4.4.1',
216 silly addNameRange     '3.10.0',
216 silly addNameRange     '3.10.1',
216 silly addNameRange     '3.10.2',
216 silly addNameRange     '3.10.3',
216 silly addNameRange     '3.10.4',
216 silly addNameRange     '4.4.2',
216 silly addNameRange     '3.10.5',
216 silly addNameRange     '4.4.3',
216 silly addNameRange     '3.11.0',
216 silly addNameRange     '4.4.4',
216 silly addNameRange     '3.12.0',
216 silly addNameRange     '3.12.1',
216 silly addNameRange     '4.4.5',
216 silly addNameRange     '3.13.0',
216 silly addNameRange     '4.5.0',
216 silly addNameRange     '4.5.1',
216 silly addNameRange     '3.14.0',
216 silly addNameRange     '4.6.0',
216 silly addNameRange     '4.6.1',
216 silly addNameRange     '3.15.0',
216 silly addNameRange     '4.7.0',
216 silly addNameRange     '3.15.1',
216 silly addNameRange     '4.7.1',
216 silly addNameRange     '3.15.2',
216 silly addNameRange     '4.7.2',
216 silly addNameRange     '4.7.3',
216 silly addNameRange     '3.15.3',
216 silly addNameRange     '4.7.4',
216 silly addNameRange     '3.16.0',
216 silly addNameRange     '4.8.0',
216 silly addNameRange     '3.16.1',
216 silly addNameRange     '4.8.1',
216 silly addNameRange     '3.16.2',
216 silly addNameRange     '4.8.2',
216 silly addNameRange     '3.16.3',
216 silly addNameRange     '3.16.4',
216 silly addNameRange     '4.8.3',
216 silly addNameRange     '3.16.5',
216 silly addNameRange     '3.16.6',
216 silly addNameRange     '4.8.4',
216 silly addNameRange     '3.16.7',
216 silly addNameRange     '4.8.5',
216 silly addNameRange     '3.16.8',
216 silly addNameRange     '4.8.6',
216 silly addNameRange     '3.16.9',
216 silly addNameRange     '4.8.7',
216 silly addNameRange     '3.16.10',
216 silly addNameRange     '4.8.8',
216 silly addNameRange     '3.17.0',
216 silly addNameRange     '3.17.1',
216 silly addNameRange     '4.9.0',
216 silly addNameRange     '3.17.2',
216 silly addNameRange     '4.9.1',
216 silly addNameRange     '4.9.2',
216 silly addNameRange     '3.17.3',
216 silly addNameRange     '4.9.3',
216 silly addNameRange     '3.17.4',
216 silly addNameRange     '4.9.4',
216 silly addNameRange     '3.17.5',
216 silly addNameRange     '4.9.5',
216 silly addNameRange     '3.17.6',
216 silly addNameRange     '3.17.7',
216 silly addNameRange     '4.9.6',
216 silly addNameRange     '4.9.7',
216 silly addNameRange     '3.17.8',
216 silly addNameRange     '4.9.8',
216 silly addNameRange     '3.18.0',
216 silly addNameRange     '3.18.1',
216 silly addNameRange     '4.10.0',
216 silly addNameRange     '3.18.2',
216 silly addNameRange     '4.10.1',
216 silly addNameRange     '5.0.0-alpha.1',
216 silly addNameRange     '3.18.3',
216 silly addNameRange     '4.10.2',
216 silly addNameRange     '3.18.4',
216 silly addNameRange     '4.10.3',
216 silly addNameRange     '4.10.4',
216 silly addNameRange     '4.10.5',
216 silly addNameRange     '3.18.5',
216 silly addNameRange     '3.18.6',
216 silly addNameRange     '4.10.6',
216 silly addNameRange     '4.10.7',
216 silly addNameRange     '3.19.0',
216 silly addNameRange     '4.10.8',
216 silly addNameRange     '4.11.0',
216 silly addNameRange     '3.19.1',
216 silly addNameRange     '4.11.1',
216 silly addNameRange     '3.19.2',
216 silly addNameRange     '4.11.2',
216 silly addNameRange     '3.20.0',
216 silly addNameRange     '4.12.0',
216 silly addNameRange     '3.20.1',
216 silly addNameRange     '4.12.1',
216 silly addNameRange     '4.12.2',
216 silly addNameRange     '3.20.2',
216 silly addNameRange     '4.12.3',
216 silly addNameRange     '3.20.3',
216 silly addNameRange     '4.12.4',
216 silly addNameRange     '3.21.0',
216 silly addNameRange     '4.13.0',
216 silly addNameRange     '3.21.1',
216 silly addNameRange     '4.13.1',
216 silly addNameRange     '5.0.0-alpha.2',
216 silly addNameRange     '3.21.2',
216 silly addNameRange     '4.13.2',
216 silly addNameRange     '4.13.3',
216 silly addNameRange     '4.13.4',
216 silly addNameRange     '4.14.0',
216 silly addNameRange     '4.14.1',
216 silly addNameRange     '5.0.0-alpha.3',
216 silly addNameRange     '4.15.0',
216 silly addNameRange     '5.0.0-alpha.4',
216 silly addNameRange     '4.15.1',
216 silly addNameRange     '4.15.2',
216 silly addNameRange     '5.0.0-alpha.5',
216 silly addNameRange     '4.15.3',
216 silly addNameRange     '4.15.4',
216 silly addNameRange     '4.15.5',
216 silly addNameRange     '5.0.0-alpha.6',
216 silly addNameRange     '4.16.0',
216 silly addNameRange     '4.16.1',
216 silly addNameRange     '4.16.2' ] ]
217 verbose addNamed [ 'express', '4.16.2' ]
218 verbose addNamed [ '4.16.2', '4.16.2' ]
219 silly lockFile 2af0d088-express-4-16-2 express@4.16.2
220 verbose lock express@4.16.2 /home/erik/.npm/2af0d088-express-4-16-2.lock
221 silly addNameRange number 2 { name: 'mongoose', range: '*', hasData: true }
222 silly addNameRange versions [ 'mongoose',
222 silly addNameRange   [ '0.0.1',
222 silly addNameRange     '0.0.2',
222 silly addNameRange     '0.0.3',
222 silly addNameRange     '0.0.4',
222 silly addNameRange     '0.0.5',
222 silly addNameRange     '1.0.0',
222 silly addNameRange     '1.0.1',
222 silly addNameRange     '1.0.2',
222 silly addNameRange     '0.0.6',
222 silly addNameRange     '1.0.3',
222 silly addNameRange     '1.0.4',
222 silly addNameRange     '1.0.5',
222 silly addNameRange     '1.0.6',
222 silly addNameRange     '1.0.7',
222 silly addNameRange     '1.0.8',
222 silly addNameRange     '1.0.10',
222 silly addNameRange     '1.0.11',
222 silly addNameRange     '1.0.12',
222 silly addNameRange     '1.0.13',
222 silly addNameRange     '1.0.14',
222 silly addNameRange     '1.0.15',
222 silly addNameRange     '1.0.16',
222 silly addNameRange     '1.1.0',
222 silly addNameRange     '1.1.1',
222 silly addNameRange     '1.1.2',
222 silly addNameRange     '1.1.3',
222 silly addNameRange     '1.1.4',
222 silly addNameRange     '1.1.5',
222 silly addNameRange     '1.1.6',
222 silly addNameRange     '1.1.7',
222 silly addNameRange     '1.1.8',
222 silly addNameRange     '1.1.9',
222 silly addNameRange     '1.1.10',
222 silly addNameRange     '1.1.11',
222 silly addNameRange     '1.1.12',
222 silly addNameRange     '1.1.13',
222 silly addNameRange     '1.1.14',
222 silly addNameRange     '1.1.15',
222 silly addNameRange     '1.1.16',
222 silly addNameRange     '1.1.17',
222 silly addNameRange     '1.1.18',
222 silly addNameRange     '1.1.19',
222 silly addNameRange     '1.1.20',
222 silly addNameRange     '1.1.21',
222 silly addNameRange     '1.1.22',
222 silly addNameRange     '1.1.23',
222 silly addNameRange     '1.1.24',
222 silly addNameRange     '1.1.25',
222 silly addNameRange     '1.2.0',
222 silly addNameRange     '1.3.0',
222 silly addNameRange     '1.3.1',
222 silly addNameRange     '1.3.2',
222 silly addNameRange     '1.3.3',
222 silly addNameRange     '1.3.4',
222 silly addNameRange     '1.3.5',
222 silly addNameRange     '1.3.6',
222 silly addNameRange     '1.3.7',
222 silly addNameRange     '1.4.0',
222 silly addNameRange     '1.5.0',
222 silly addNameRange     '1.6.0',
222 silly addNameRange     '1.7.2',
222 silly addNameRange     '1.7.3',
222 silly addNameRange     '1.7.4',
222 silly addNameRange     '1.8.0',
222 silly addNameRange     '1.8.1',
222 silly addNameRange     '1.8.2',
222 silly addNameRange     '1.8.3',
222 silly addNameRange     '1.8.4',
222 silly addNameRange     '2.0.0',
222 silly addNameRange     '2.0.1',
222 silly addNameRange     '2.0.2',
222 silly addNameRange     '2.0.3',
222 silly addNameRange     '2.0.4',
222 silly addNameRange     '2.1.0',
222 silly addNameRange     '2.1.1',
222 silly addNameRange     '2.1.2',
222 silly addNameRange     '2.1.3',
222 silly addNameRange     '2.1.4',
222 silly addNameRange     '2.2.0',
222 silly addNameRange     '2.2.1',
222 silly addNameRange     '2.2.2',
222 silly addNameRange     '2.2.3',
222 silly addNameRange     '2.2.4',
222 silly addNameRange     '2.3.0',
222 silly addNameRange     '2.3.1',
222 silly addNameRange     '2.3.2',
222 silly addNameRange     '2.3.3',
222 silly addNameRange     '2.3.4',
222 silly addNameRange     '2.3.5',
222 silly addNameRange     '2.3.6',
222 silly addNameRange     '2.3.7',
222 silly addNameRange     '2.3.8',
222 silly addNameRange     '2.3.9',
222 silly addNameRange     '2.3.10',
222 silly addNameRange     '2.3.11',
222 silly addNameRange     '2.3.12',
222 silly addNameRange     '2.3.13',
222 silly addNameRange     '2.4.0',
222 silly addNameRange     '2.4.1',
222 silly addNameRange     '2.4.2',
222 silly addNameRange     '2.4.3',
222 silly addNameRange     '2.4.4',
222 silly addNameRange     '2.4.5',
222 silly addNameRange     '2.4.6',
222 silly addNameRange     '2.4.7',
222 silly addNameRange     '2.4.8',
222 silly addNameRange     '2.4.9',
222 silly addNameRange     '2.4.10',
222 silly addNameRange     '2.5.0',
222 silly addNameRange     '2.5.1',
222 silly addNameRange     '2.5.2',
222 silly addNameRange     '2.5.3',
222 silly addNameRange     '2.5.4',
222 silly addNameRange     '2.5.5',
222 silly addNameRange     '2.5.6',
222 silly addNameRange     '2.5.7',
222 silly addNameRange     '2.5.8',
222 silly addNameRange     '2.5.9',
222 silly addNameRange     '2.5.10',
222 silly addNameRange     '2.5.11',
222 silly addNameRange     '2.5.12',
222 silly addNameRange     '2.5.13',
222 silly addNameRange     '2.5.14',
222 silly addNameRange     '2.6.0',
222 silly addNameRange     '2.6.1',
222 silly addNameRange     '2.6.2',
222 silly addNameRange     '2.6.3',
222 silly addNameRange     '2.6.4',
222 silly addNameRange     '2.6.5',
222 silly addNameRange     '2.6.6',
222 silly addNameRange     '2.6.7',
222 silly addNameRange     '2.6.8',
222 silly addNameRange     '2.7.0',
222 silly addNameRange     '2.7.1',
222 silly addNameRange     '2.7.2',
222 silly addNameRange     '2.7.4',
222 silly addNameRange     '2.7.3',
222 silly addNameRange     '3.0.0',
222 silly addNameRange     '3.0.1',
222 silly addNameRange     '3.0.2',
222 silly addNameRange     '2.8.0',
222 silly addNameRange     '3.0.3',
222 silly addNameRange     '3.1.0',
222 silly addNameRange     '2.8.1',
222 silly addNameRange     '3.1.1',
222 silly addNameRange     '2.8.2',
222 silly addNameRange     '2.8.3',
222 silly addNameRange     '2.9.0',
222 silly addNameRange     '3.2.0',
222 silly addNameRange     '2.9.1',
222 silly addNameRange     '3.2.1',
222 silly addNameRange     '2.9.2',
222 silly addNameRange     '3.2.2',
222 silly addNameRange     '3.3.0',
222 silly addNameRange     '3.3.1',
222 silly addNameRange     '2.9.3',
222 silly addNameRange     '3.4.0',
222 silly addNameRange     '2.9.4',
222 silly addNameRange     '2.9.5',
222 silly addNameRange     '3.5.0',
222 silly addNameRange     '3.5.1',
222 silly addNameRange     '3.5.2',
222 silly addNameRange     '3.5.3',
222 silly addNameRange     '2.9.6',
222 silly addNameRange     '2.9.7',
222 silly addNameRange     '3.5.4',
222 silly addNameRange     '3.5.5',
222 silly addNameRange     '2.9.8',
222 silly addNameRange     '2.9.9',
222 silly addNameRange     '3.5.6',
222 silly addNameRange     '3.5.7',
222 silly addNameRange     '3.5.8',
222 silly addNameRange     '2.9.10',
222 silly addNameRange     '3.5.9',
222 silly addNameRange     '3.6.2',
222 silly addNameRange     '3.5.10',
222 silly addNameRange     '3.6.3',
222 silly addNameRange     '3.5.11',
222 silly addNameRange     '3.6.4',
222 silly addNameRange     '3.6.5',
222 silly addNameRange     '3.6.6',
222 silly addNameRange     '3.6.7',
222 silly addNameRange     '3.5.12',
222 silly addNameRange     '3.6.8',
222 silly addNameRange     '3.6.9',
222 silly addNameRange     '3.6.10',
222 silly addNameRange     '3.5.13',
222 silly addNameRange     '3.5.14',
222 silly addNameRange     '3.6.11',
222 silly addNameRange     '3.6.12',
222 silly addNameRange     '3.6.13',
222 silly addNameRange     '3.6.14',
222 silly addNameRange     '3.6.15',
222 silly addNameRange     '3.5.15',
222 silly addNameRange     '3.7.0',
222 silly addNameRange     '3.6.16',
222 silly addNameRange     '3.5.16',
222 silly addNameRange     '3.6.17',
222 silly addNameRange     '3.7.2',
222 silly addNameRange     '3.0.0-alpha1',
222 silly addNameRange     '3.0.0-alpha2',
222 silly addNameRange     '3.0.0-rc0',
222 silly addNameRange     '3.6.0-rc0',
222 silly addNameRange     '3.6.0-rc1',
222 silly addNameRange     '3.6.18',
222 silly addNameRange     '3.7.3',
222 silly addNameRange     '3.6.19',
222 silly addNameRange     '3.6.20',
222 silly addNameRange     '3.7.4',
222 silly addNameRange     '3.8.0',
222 silly addNameRange     '3.8.1',
222 silly addNameRange     '3.8.2',
222 silly addNameRange     '3.8.3',
222 silly addNameRange     '3.8.4',
222 silly addNameRange     '3.8.5',
222 silly addNameRange     '3.8.6',
222 silly addNameRange     '3.8.7',
222 silly addNameRange     '3.8.8',
222 silly addNameRange     '3.8.9',
222 silly addNameRange     '3.8.10',
222 silly addNameRange     '3.8.11',
222 silly addNameRange     '3.9.0',
222 silly addNameRange     '3.8.12',
222 silly addNameRange     '3.8.13',
222 silly addNameRange     '3.8.14',
222 silly addNameRange     '3.8.15',
222 silly addNameRange     '3.9.1',
222 silly addNameRange     '3.8.16',
222 silly addNameRange     '3.9.2',
222 silly addNameRange     '3.8.17',
222 silly addNameRange     '3.9.3',
222 silly addNameRange     '3.8.18',
222 silly addNameRange     '3.9.4',
222 silly addNameRange     '3.8.19',
222 silly addNameRange     '3.9.5',
222 silly addNameRange     '3.8.20',
222 silly addNameRange     '3.9.6',
222 silly addNameRange     '3.8.21',
222 silly addNameRange     '3.9.7',
222 silly addNameRange     '3.8.22',
222 silly addNameRange     '4.0.0-rc0',
222 silly addNameRange     '4.0.0-rc1',
222 silly addNameRange     '3.8.23',
222 silly addNameRange     '4.0.0-rc2',
222 silly addNameRange     '3.8.24',
222 silly addNameRange     '4.0.0-rc3',
222 silly addNameRange     '3.8.25',
222 silly addNameRange     '4.0.0-rc4',
222 silly addNameRange     '4.0.0',
222 silly addNameRange     '4.0.1',
222 silly addNameRange     '3.8.26',
222 silly addNameRange     '3.8.27',
222 silly addNameRange     '4.0.2',
222 silly addNameRange     '3.8.28',
222 silly addNameRange     '4.0.3',
222 silly addNameRange     '3.8.29',
222 silly addNameRange     '4.0.4',
222 silly addNameRange     '3.8.30',
222 silly addNameRange     '4.0.5',
222 silly addNameRange     '3.8.31',
222 silly addNameRange     '4.0.6',
222 silly addNameRange     '3.8.33',
222 silly addNameRange     '4.0.7',
222 silly addNameRange     '3.8.34',
222 silly addNameRange     '4.0.8',
222 silly addNameRange     '4.1.0',
222 silly addNameRange     '4.1.1',
222 silly addNameRange     '4.1.2',
222 silly addNameRange     '3.8.35',
222 silly addNameRange     '4.1.3',
222 silly addNameRange     '4.1.5',
222 silly addNameRange     '4.1.6',
222 silly addNameRange     '4.1.7',
222 silly addNameRange     '4.1.8',
222 silly addNameRange     '4.1.9',
222 silly addNameRange     '4.1.10',
222 silly addNameRange     '4.1.11',
222 silly addNameRange     '3.8.36',
222 silly addNameRange     '4.1.12',
222 silly addNameRange     '4.2.0',
222 silly addNameRange     '4.2.1',
222 silly addNameRange     '4.2.2',
222 silly addNameRange     '4.2.3',
222 silly addNameRange     '4.2.4',
222 silly addNameRange     '4.2.5',
222 silly addNameRange     '3.8.37',
222 silly addNameRange     '4.2.6',
222 silly addNameRange     '4.2.7',
222 silly addNameRange     '4.2.8',
222 silly addNameRange     '4.2.9',
222 silly addNameRange     '4.2.10',
222 silly addNameRange     '4.3.0',
222 silly addNameRange     '4.3.1',
222 silly addNameRange     '4.3.2',
222 silly addNameRange     '4.3.3',
222 silly addNameRange     '4.3.4',
222 silly addNameRange     '3.8.38',
222 silly addNameRange     '4.3.5',
222 silly addNameRange     '4.3.6',
222 silly addNameRange     '3.8.39',
222 silly addNameRange     '4.3.7',
222 silly addNameRange     '4.4.0',
222 silly addNameRange     '4.4.1',
222 silly addNameRange     '4.4.2',
222 silly addNameRange     '4.4.3',
222 silly addNameRange     '4.4.4',
222 silly addNameRange     '4.4.5',
222 silly addNameRange     '4.4.6',
222 silly addNameRange     '4.4.7',
222 silly addNameRange     '4.4.8',
222 silly addNameRange     '4.4.9',
222 silly addNameRange     '4.4.10',
222 silly addNameRange     '4.4.11',
222 silly addNameRange     '4.4.12',
222 silly addNameRange     '4.4.13',
222 silly addNameRange     '3.8.40',
222 silly addNameRange     '4.4.14',
222 silly addNameRange     '4.4.15',
222 silly addNameRange     '4.4.16',
222 silly addNameRange     '4.4.17',
222 silly addNameRange     '4.4.18',
222 silly addNameRange     '4.4.19',
222 silly addNameRange     '4.4.20',
222 silly addNameRange     '4.5.0',
222 silly addNameRange     '4.5.1',
222 silly addNameRange     '4.5.2',
222 silly addNameRange     '4.5.3',
222 silly addNameRange     '4.5.4',
222 silly addNameRange     '4.5.5',
222 silly addNameRange     '4.5.6',
222 silly addNameRange     '4.5.7',
222 silly addNameRange     '4.5.8',
222 silly addNameRange     '4.5.9',
222 silly addNameRange     '4.5.10',
222 silly addNameRange     '4.6.0',
222 silly addNameRange     '4.6.1',
222 silly addNameRange     '4.6.2',
222 silly addNameRange     '4.6.3',
222 silly addNameRange     '4.6.4',
222 silly addNameRange     '4.6.5',
222 silly addNameRange     '4.6.6',
222 silly addNameRange     '4.6.7',
222 silly addNameRange     '4.6.8',
222 silly addNameRange     '4.7.0',
222 silly addNameRange     '4.7.1',
222 silly addNameRange     '4.7.2',
222 silly addNameRange     '4.7.3',
222 silly addNameRange     '4.7.4',
222 silly addNameRange     '4.7.5-pre',
222 silly addNameRange     '4.7.5',
222 silly addNameRange     '4.7.6',
222 silly addNameRange     '4.7.7',
222 silly addNameRange     '4.7.8',
222 silly addNameRange     '4.7.9',
222 silly addNameRange     '4.8.0',
222 silly addNameRange     '4.8.1',
222 silly addNameRange     '4.8.2',
222 silly addNameRange     '4.8.3',
222 silly addNameRange     '4.8.4',
222 silly addNameRange     '4.8.5',
222 silly addNameRange     '4.8.6',
222 silly addNameRange     '4.8.7',
222 silly addNameRange     '4.9.0',
222 silly addNameRange     '4.9.1',
222 silly addNameRange     '4.9.2',
222 silly addNameRange     '4.9.3',
222 silly addNameRange     '4.9.4',
222 silly addNameRange     '4.9.5',
222 silly addNameRange     '4.9.6',
222 silly addNameRange     '4.9.7',
222 silly addNameRange     '4.9.8',
222 silly addNameRange     '4.9.9',
222 silly addNameRange     '4.9.10',
222 silly addNameRange     '4.10.0',
222 silly addNameRange     '4.10.1',
222 silly addNameRange     '4.10.2',
222 silly addNameRange     '4.10.3',
222 silly addNameRange     '4.10.4',
222 silly addNameRange     '4.10.5',
222 silly addNameRange     '4.10.6',
222 silly addNameRange     '4.10.7',
222 silly addNameRange     '4.10.8',
222 silly addNameRange     '4.11.0',
222 silly addNameRange     '4.11.1',
222 silly addNameRange     '4.11.2',
222 silly addNameRange     '4.11.3',
222 silly addNameRange     '4.11.4',
222 silly addNameRange     '4.11.5',
222 silly addNameRange     '4.11.6',
222 silly addNameRange     '4.11.7',
222 silly addNameRange     '4.11.8',
222 silly addNameRange     '4.11.9',
222 silly addNameRange     '4.11.10',
222 silly addNameRange     '4.11.11',
222 silly addNameRange     '4.11.12',
222 silly addNameRange     '4.11.13',
222 silly addNameRange     '4.11.14',
222 silly addNameRange     '4.12.0',
222 silly addNameRange     '4.12.1',
222 silly addNameRange     '4.12.2',
222 silly addNameRange     '4.12.3' ] ]
223 verbose addNamed [ 'mongoose', '4.12.3' ]
224 verbose addNamed [ '4.12.3', '4.12.3' ]
225 silly lockFile 8db10351-mongoose-4-12-3 mongoose@4.12.3
226 verbose lock mongoose@4.12.3 /home/erik/.npm/8db10351-mongoose-4-12-3.lock
227 silly lockFile 6d0d4ca8-ssion-express-session-1-15-6-tgz https://registry.npmjs.org/express-session/-/express-session-1.15.6.tgz
228 verbose lock https://registry.npmjs.org/express-session/-/express-session-1.15.6.tgz /home/erik/.npm/6d0d4ca8-ssion-express-session-1-15-6-tgz.lock
229 verbose addRemoteTarball [ 'https://registry.npmjs.org/express-session/-/express-session-1.15.6.tgz',
229 verbose addRemoteTarball   '47b4160c88f42ab70fe8a508e31cbff76757ab0a' ]
230 info retry fetch attempt 1 at 17:47:01
231 verbose fetch to= /tmp/npm-13175-RupuM9PN/registry.npmjs.org/express-session/-/express-session-1.15.6.tgz
232 http GET https://registry.npmjs.org/express-session/-/express-session-1.15.6.tgz
233 silly lockFile a43daa68-org-mongoose-mongoose-4-12-3-tgz https://registry.npmjs.org/mongoose/-/mongoose-4.12.3.tgz
234 verbose lock https://registry.npmjs.org/mongoose/-/mongoose-4.12.3.tgz /home/erik/.npm/a43daa68-org-mongoose-mongoose-4-12-3-tgz.lock
235 verbose addRemoteTarball [ 'https://registry.npmjs.org/mongoose/-/mongoose-4.12.3.tgz',
235 verbose addRemoteTarball   '7099bf8ce4945150001f4c2462e56c9e958ddcb9' ]
236 info retry fetch attempt 1 at 17:47:01
237 verbose fetch to= /tmp/npm-13175-RupuM9PN/registry.npmjs.org/mongoose/-/mongoose-4.12.3.tgz
238 http GET https://registry.npmjs.org/mongoose/-/mongoose-4.12.3.tgz
239 silly lockFile 2c8152d8-s-org-express-express-4-16-2-tgz https://registry.npmjs.org/express/-/express-4.16.2.tgz
240 verbose lock https://registry.npmjs.org/express/-/express-4.16.2.tgz /home/erik/.npm/2c8152d8-s-org-express-express-4-16-2-tgz.lock
241 verbose addRemoteTarball [ 'https://registry.npmjs.org/express/-/express-4.16.2.tgz',
241 verbose addRemoteTarball   'e35c6dfe2d64b7dca0a5cd4f21781be3299e076c' ]
242 info retry fetch attempt 1 at 17:47:01
243 verbose fetch to= /tmp/npm-13175-RupuM9PN/registry.npmjs.org/express/-/express-4.16.2.tgz
244 http GET https://registry.npmjs.org/express/-/express-4.16.2.tgz
245 http 200 https://registry.npmjs.org/express-session/-/express-session-1.15.6.tgz
246 http 200 https://registry.npmjs.org/mongoose/-/mongoose-4.12.3.tgz
247 http 200 https://registry.npmjs.org/express/-/express-4.16.2.tgz
248 silly lockFile 6d0d4ca8-ssion-express-session-1-15-6-tgz https://registry.npmjs.org/express-session/-/express-session-1.15.6.tgz
249 silly lockFile 6d0d4ca8-ssion-express-session-1-15-6-tgz https://registry.npmjs.org/express-session/-/express-session-1.15.6.tgz
250 silly lockFile 31ef2227-express-session-1-15-6 express-session@1.15.6
251 silly lockFile 31ef2227-express-session-1-15-6 express-session@1.15.6
252 silly lockFile 03cac062-express-session express-session@
253 silly lockFile 03cac062-express-session express-session@
254 silly lockFile 2c8152d8-s-org-express-express-4-16-2-tgz https://registry.npmjs.org/express/-/express-4.16.2.tgz
255 silly lockFile 2c8152d8-s-org-express-express-4-16-2-tgz https://registry.npmjs.org/express/-/express-4.16.2.tgz
256 silly lockFile 2af0d088-express-4-16-2 express@4.16.2
257 silly lockFile 2af0d088-express-4-16-2 express@4.16.2
258 silly lockFile 64a534c1-express express@
259 silly lockFile 64a534c1-express express@
260 silly lockFile a43daa68-org-mongoose-mongoose-4-12-3-tgz https://registry.npmjs.org/mongoose/-/mongoose-4.12.3.tgz
261 silly lockFile a43daa68-org-mongoose-mongoose-4-12-3-tgz https://registry.npmjs.org/mongoose/-/mongoose-4.12.3.tgz
262 silly lockFile 8db10351-mongoose-4-12-3 mongoose@4.12.3
263 silly lockFile 8db10351-mongoose-4-12-3 mongoose@4.12.3
264 silly lockFile 3bb0fc31-mongoose mongoose@
265 silly lockFile 3bb0fc31-mongoose mongoose@
266 error Error: EACCES, mkdir '/home/erik/.npm/express/4.16.2'
266 error  { [Error: EACCES, mkdir '/home/erik/.npm/express/4.16.2']
266 error   errno: 3,
266 error   code: 'EACCES',
266 error   path: '/home/erik/.npm/express/4.16.2',
266 error   parent: 'AmuoebaEJ' }
267 error Please try running this command again as root/Administrator.
268 error System Linux 4.4.0-96-generic
269 error command "/usr/local/bin/node" "/usr/local/bin/npm" "install" "ejs" "express" "express-session" "mongoose" "passport" "passport-local" "passport-local-mongoose" "--save"
270 error cwd /home/erik/Documents/Projects/AmuoebaEJ
271 error node -v v0.10.32
272 error npm -v 1.4.28
273 error path /home/erik/.npm/express/4.16.2
274 error code EACCES
275 error errno 3
276 error stack Error: EACCES, mkdir '/home/erik/.npm/express/4.16.2'
277 verbose exit [ 3, true ]
